  EntryPoint.cpp
C:\Users\oudot\source\repos\AsciiGame\Entity.h(9,36): error C2061: syntax error: identifier 'Level'
C:\Users\oudot\source\repos\AsciiGame\Entity.h(10,41): error C2061: syntax error: identifier 'Level'
C:\Users\oudot\source\repos\AsciiGame\Box.h(10,28): error C2061: syntax error: identifier 'Level'
C:\Users\oudot\source\repos\AsciiGame\Box.h(11,33): error C2061: syntax error: identifier 'Level'
C:\Users\oudot\source\repos\AsciiGame\Player.h(10,28): error C2061: syntax error: identifier 'Level'
C:\Users\oudot\source\repos\AsciiGame\Player.h(11,33): error C2061: syntax error: identifier 'Level'
C:\Users\oudot\source\repos\AsciiGame\Level.h(34,25): warning C4227: anachronism used: qualifiers on reference are ignored
C:\Users\oudot\source\repos\AsciiGame\Level.h(35,41): warning C4227: anachronism used: qualifiers on reference are ignored
C:\Users\oudot\source\repos\AsciiGame\Game.h(20,30): warning C4227: anachronism used: qualifiers on reference are ignored
  Box.cpp
C:\Users\oudot\source\repos\AsciiGame\Player.h(7,1): error C2504: 'Entity': base class undefined
C:\Users\oudot\source\repos\AsciiGame\Player.h(9,23): error C2061: syntax error: identifier 'WCHAR'
C:\Users\oudot\source\repos\AsciiGame\Player.h(10,28): error C2061: syntax error: identifier 'Level'
C:\Users\oudot\source\repos\AsciiGame\Player.h(11,33): error C2061: syntax error: identifier 'Level'
C:\Users\oudot\source\repos\AsciiGame\Player.h(10,7): error C3668: 'Player::Move': method with override specifier 'override' did not override any base class methods
C:\Users\oudot\source\repos\AsciiGame\Player.h(11,7): error C3668: 'Player::CanMoveTo': method with override specifier 'override' did not override any base class methods
C:\Users\oudot\source\repos\AsciiGame\Level.h(24,14): error C2065: 'Entity': undeclared identifier
C:\Users\oudot\source\repos\AsciiGame\Level.h(24,21): error C2059: syntax error: '>'
C:\Users\oudot\source\repos\AsciiGame\Level.h(34,25): warning C4227: anachronism used: qualifiers on reference are ignored
C:\Users\oudot\source\repos\AsciiGame\Level.h(35,14): error C2065: 'Entity': undeclared identifier
C:\Users\oudot\source\repos\AsciiGame\Level.h(35,21): error C2059: syntax error: '>'
C:\Users\oudot\source\repos\AsciiGame\Level.h(35,41): warning C4227: anachronism used: qualifiers on reference are ignored
C:\Users\oudot\source\repos\AsciiGame\Entity.h(9,54): warning C4227: anachronism used: qualifiers on reference are ignored
C:\Users\oudot\source\repos\AsciiGame\Entity.h(10,59): warning C4227: anachronism used: qualifiers on reference are ignored
C:\Users\oudot\source\repos\AsciiGame\Box.h(10,46): warning C4227: anachronism used: qualifiers on reference are ignored
C:\Users\oudot\source\repos\AsciiGame\Box.h(11,51): warning C4227: anachronism used: qualifiers on reference are ignored
C:\Users\oudot\source\repos\AsciiGame\Box.cpp(8,50): warning C4227: anachronism used: qualifiers on reference are ignored
C:\Users\oudot\source\repos\AsciiGame\Box.cpp(16,40): warning C4227: anachronism used: qualifiers on reference are ignored
C:\Users\oudot\source\repos\AsciiGame\Box.cpp(30,55): warning C4227: anachronism used: qualifiers on reference are ignored
C:\Users\oudot\source\repos\AsciiGame\Box.cpp(37,39): warning C4227: anachronism used: qualifiers on reference are ignored
  Entity.cpp
C:\Users\oudot\source\repos\AsciiGame\Target.h(6,1): error C2504: 'Entity': base class undefined
C:\Users\oudot\source\repos\AsciiGame\Target.h(8,23): error C2061: syntax error: identifier 'WCHAR'
C:\Users\oudot\source\repos\AsciiGame\Box.h(7,1): error C2504: 'Entity': base class undefined
C:\Users\oudot\source\repos\AsciiGame\Box.h(9,20): error C2061: syntax error: identifier 'WCHAR'
C:\Users\oudot\source\repos\AsciiGame\Box.h(10,28): error C2061: syntax error: identifier 'Level'
C:\Users\oudot\source\repos\AsciiGame\Box.h(11,33): error C2061: syntax error: identifier 'Level'
C:\Users\oudot\source\repos\AsciiGame\Box.h(10,7): error C3668: 'Box::Move': method with override specifier 'override' did not override any base class methods
C:\Users\oudot\source\repos\AsciiGame\Box.h(11,7): error C3668: 'Box::CanMoveTo': method with override specifier 'override' did not override any base class methods
C:\Users\oudot\source\repos\AsciiGame\Player.h(7,1): error C2504: 'Entity': base class undefined
C:\Users\oudot\source\repos\AsciiGame\Player.h(9,23): error C2061: syntax error: identifier 'WCHAR'
C:\Users\oudot\source\repos\AsciiGame\Player.h(10,28): error C2061: syntax error: identifier 'Level'
C:\Users\oudot\source\repos\AsciiGame\Player.h(11,33): error C2061: syntax error: identifier 'Level'
C:\Users\oudot\source\repos\AsciiGame\Player.h(10,7): error C3668: 'Player::Move': method with override specifier 'override' did not override any base class methods
C:\Users\oudot\source\repos\AsciiGame\Player.h(11,7): error C3668: 'Player::CanMoveTo': method with override specifier 'override' did not override any base class methods
C:\Users\oudot\source\repos\AsciiGame\Level.h(24,14): error C2065: 'Entity': undeclared identifier
C:\Users\oudot\source\repos\AsciiGame\Level.h(24,21): error C2059: syntax error: '>'
C:\Users\oudot\source\repos\AsciiGame\Level.h(34,25): warning C4227: anachronism used: qualifiers on reference are ignored
C:\Users\oudot\source\repos\AsciiGame\Level.h(35,14): error C2065: 'Entity': undeclared identifier
C:\Users\oudot\source\repos\AsciiGame\Level.h(35,21): error C2059: syntax error: '>'
C:\Users\oudot\source\repos\AsciiGame\Level.h(35,41): warning C4227: anachronism used: qualifiers on reference are ignored
C:\Users\oudot\source\repos\AsciiGame\Entity.h(9,54): warning C4227: anachronism used: qualifiers on reference are ignored
C:\Users\oudot\source\repos\AsciiGame\Entity.h(10,59): warning C4227: anachronism used: qualifiers on reference are ignored
C:\Users\oudot\source\repos\AsciiGame\Entity.cpp(3,53): warning C4227: anachronism used: qualifiers on reference are ignored
C:\Users\oudot\source\repos\AsciiGame\Entity.cpp(35,58): warning C4227: anachronism used: qualifiers on reference are ignored
  Game.cpp
C:\Users\oudot\source\repos\AsciiGame\Entity.h(9,36): error C2061: syntax error: identifier 'Level'
C:\Users\oudot\source\repos\AsciiGame\Entity.h(10,41): error C2061: syntax error: identifier 'Level'
C:\Users\oudot\source\repos\AsciiGame\Box.h(10,28): error C2061: syntax error: identifier 'Level'
C:\Users\oudot\source\repos\AsciiGame\Box.h(11,33): error C2061: syntax error: identifier 'Level'
C:\Users\oudot\source\repos\AsciiGame\Player.h(10,28): error C2061: syntax error: identifier 'Level'
C:\Users\oudot\source\repos\AsciiGame\Player.h(11,33): error C2061: syntax error: identifier 'Level'
C:\Users\oudot\source\repos\AsciiGame\Level.h(34,25): warning C4227: anachronism used: qualifiers on reference are ignored
C:\Users\oudot\source\repos\AsciiGame\Level.h(35,41): warning C4227: anachronism used: qualifiers on reference are ignored
C:\Users\oudot\source\repos\AsciiGame\Game.h(20,30): warning C4227: anachronism used: qualifiers on reference are ignored
C:\Users\oudot\source\repos\AsciiGame\Game.cpp(26,35): warning C4227: anachronism used: qualifiers on reference are ignored
  Level.cpp
C:\Users\oudot\source\repos\AsciiGame\Entity.h(9,36): error C2061: syntax error: identifier 'Level'
C:\Users\oudot\source\repos\AsciiGame\Entity.h(10,41): error C2061: syntax error: identifier 'Level'
C:\Users\oudot\source\repos\AsciiGame\Box.h(10,28): error C2061: syntax error: identifier 'Level'
C:\Users\oudot\source\repos\AsciiGame\Box.h(11,33): error C2061: syntax error: identifier 'Level'
C:\Users\oudot\source\repos\AsciiGame\Player.h(10,28): error C2061: syntax error: identifier 'Level'
C:\Users\oudot\source\repos\AsciiGame\Player.h(11,33): error C2061: syntax error: identifier 'Level'
C:\Users\oudot\source\repos\AsciiGame\Level.h(34,25): warning C4227: anachronism used: qualifiers on reference are ignored
C:\Users\oudot\source\repos\AsciiGame\Level.h(35,41): warning C4227: anachronism used: qualifiers on reference are ignored
C:\Users\oudot\source\repos\AsciiGame\Level.cpp(11,1): error C2512: 'Player': no appropriate default constructor available
C:\Users\oudot\source\repos\AsciiGame\Player.h(6,7): message : see declaration of 'Player'
C:\Users\oudot\source\repos\AsciiGame\Level.cpp(43,31): warning C4227: anachronism used: qualifiers on reference are ignored
C:\Users\oudot\source\repos\AsciiGame\Level.cpp(48,47): warning C4227: anachronism used: qualifiers on reference are ignored
C:\Users\oudot\source\repos\AsciiGame\Level.cpp(114,20): error C2512: 'Player': no appropriate default constructor available
C:\Users\oudot\source\repos\AsciiGame\Level.cpp(114,20): message : No constructor could take the source type, or constructor overload resolution was ambiguous
C:\Users\oudot\source\repos\AsciiGame\Level.cpp(117,22): error C2512: 'Box::Box': no appropriate default constructor available
C:\Users\oudot\source\repos\AsciiGame\Level.cpp(117,22): message : while trying to match the argument list '()'
C:\Users\oudot\source\repos\AsciiGame\Level.cpp(119,25): error C2512: 'Target::Target': no appropriate default constructor available
C:\Users\oudot\source\repos\AsciiGame\Level.cpp(119,25): message : while trying to match the argument list '()'
  Player.cpp
C:\Users\oudot\source\repos\AsciiGame\Level.h(24,14): error C2065: 'Entity': undeclared identifier
C:\Users\oudot\source\repos\AsciiGame\Level.h(24,21): error C2059: syntax error: '>'
C:\Users\oudot\source\repos\AsciiGame\Level.h(25,9): error C3646: 'm_player': unknown override specifier
C:\Users\oudot\source\repos\AsciiGame\Level.h(25,17): error C4430: missing type specifier - int assumed. Note: C++ does not support default-int
C:\Users\oudot\source\repos\AsciiGame\Level.h(34,8): error C2143: syntax error: missing ';' before '&'
C:\Users\oudot\source\repos\AsciiGame\Level.h(34,8): error C4430: missing type specifier - int assumed. Note: C++ does not support default-int
C:\Users\oudot\source\repos\AsciiGame\Level.h(34,27): error C2238: unexpected token(s) preceding ';'
C:\Users\oudot\source\repos\AsciiGame\Level.h(35,14): error C2065: 'Entity': undeclared identifier
C:\Users\oudot\source\repos\AsciiGame\Level.h(35,21): error C2059: syntax error: '>'
C:\Users\oudot\source\repos\AsciiGame\Level.h(35,41): warning C4227: anachronism used: qualifiers on reference are ignored
C:\Users\oudot\source\repos\AsciiGame\Entity.h(9,54): warning C4227: anachronism used: qualifiers on reference are ignored
C:\Users\oudot\source\repos\AsciiGame\Entity.h(10,59): warning C4227: anachronism used: qualifiers on reference are ignored
C:\Users\oudot\source\repos\AsciiGame\Box.h(10,46): warning C4227: anachronism used: qualifiers on reference are ignored
C:\Users\oudot\source\repos\AsciiGame\Box.h(11,51): warning C4227: anachronism used: qualifiers on reference are ignored
C:\Users\oudot\source\repos\AsciiGame\Player.h(10,46): warning C4227: anachronism used: qualifiers on reference are ignored
C:\Users\oudot\source\repos\AsciiGame\Player.h(11,51): warning C4227: anachronism used: qualifiers on reference are ignored
C:\Users\oudot\source\repos\AsciiGame\Player.cpp(7,53): warning C4227: anachronism used: qualifiers on reference are ignored
C:\Users\oudot\source\repos\AsciiGame\Player.cpp(11,40): warning C4227: anachronism used: qualifiers on reference are ignored
C:\Users\oudot\source\repos\AsciiGame\Player.cpp(25,58): warning C4227: anachronism used: qualifiers on reference are ignored
C:\Users\oudot\source\repos\AsciiGame\Player.cpp(32,40): warning C4227: anachronism used: qualifiers on reference are ignored
  Target.cpp
C:\Users\oudot\source\repos\AsciiGame\Box.h(7,1): error C2504: 'Entity': base class undefined
C:\Users\oudot\source\repos\AsciiGame\Box.h(9,20): error C2061: syntax error: identifier 'WCHAR'
C:\Users\oudot\source\repos\AsciiGame\Box.h(10,28): error C2061: syntax error: identifier 'Level'
C:\Users\oudot\source\repos\AsciiGame\Box.h(11,33): error C2061: syntax error: identifier 'Level'
C:\Users\oudot\source\repos\AsciiGame\Box.h(14,8): error C2143: syntax error: missing ';' before '*'
C:\Users\oudot\source\repos\AsciiGame\Box.h(14,8): error C4430: missing type specifier - int assumed. Note: C++ does not support default-int
C:\Users\oudot\source\repos\AsciiGame\Box.h(14,25): error C2238: unexpected token(s) preceding ';'
C:\Users\oudot\source\repos\AsciiGame\Box.h(10,7): error C3668: 'Box::Move': method with override specifier 'override' did not override any base class methods
C:\Users\oudot\source\repos\AsciiGame\Box.h(11,7): error C3668: 'Box::CanMoveTo': method with override specifier 'override' did not override any base class methods
C:\Users\oudot\source\repos\AsciiGame\Player.h(7,1): error C2504: 'Entity': base class undefined
C:\Users\oudot\source\repos\AsciiGame\Player.h(9,23): error C2061: syntax error: identifier 'WCHAR'
C:\Users\oudot\source\repos\AsciiGame\Player.h(10,28): error C2061: syntax error: identifier 'Level'
C:\Users\oudot\source\repos\AsciiGame\Player.h(11,33): error C2061: syntax error: identifier 'Level'
C:\Users\oudot\source\repos\AsciiGame\Player.h(10,7): error C3668: 'Player::Move': method with override specifier 'override' did not override any base class methods
C:\Users\oudot\source\repos\AsciiGame\Player.h(11,7): error C3668: 'Player::CanMoveTo': method with override specifier 'override' did not override any base class methods
C:\Users\oudot\source\repos\AsciiGame\Level.h(24,14): error C2065: 'Entity': undeclared identifier
C:\Users\oudot\source\repos\AsciiGame\Level.h(24,21): error C2059: syntax error: '>'
C:\Users\oudot\source\repos\AsciiGame\Level.h(34,25): warning C4227: anachronism used: qualifiers on reference are ignored
C:\Users\oudot\source\repos\AsciiGame\Level.h(35,14): error C2065: 'Entity': undeclared identifier
C:\Users\oudot\source\repos\AsciiGame\Level.h(35,21): error C2059: syntax error: '>'
C:\Users\oudot\source\repos\AsciiGame\Level.h(35,41): warning C4227: anachronism used: qualifiers on reference are ignored
C:\Users\oudot\source\repos\AsciiGame\Entity.h(9,54): warning C4227: anachronism used: qualifiers on reference are ignored
C:\Users\oudot\source\repos\AsciiGame\Entity.h(10,59): warning C4227: anachronism used: qualifiers on reference are ignored
  Generating Code...
